# JRE version: Java(TM) SE Runtime Environment (7.0_45-b18) (build 1.7.0_45-b18)
# Java VM: Java HotSpot(TM) Client VM (24.45-b08 mixed mode windows-x86 )
Heap
 def new generation   total 36544K, used 32729K [0x03a90000, 0x06230000, 0x08fe0000)
  eden space 32512K,  92% used [0x03a90000, 0x057ddae8, 0x05a50000)
  from space 4032K,  67% used [0x05e40000, 0x060e8aa8, 0x06230000)
  to   space 4032K,   0% used [0x05a50000, 0x05a50000, 0x05e40000)
 tenured generation   total 81084K, used 65136K [0x08fe0000, 0x0df0f000, 0x13a90000)
   the space 81084K,  80% used [0x08fe0000, 0x0cf7c2f8, 0x0cf7c400, 0x0df0f000)
 compacting perm gen  total 12288K, used 2393K [0x13a90000, 0x14690000, 0x17a90000)
   the space 12288K,  19% used [0x13a90000, 0x13ce6680, 0x13ce6800, 0x14690000)
GC Heap History (10 events):
Event: 1148.138 GC heap before
{Heap before GC invocations=329408 (full 4799):
 def new generation   total 36544K, used 35242K [0x03a90000, 0x06230000, 0x08fe0000)
  eden space 32512K, 100% used [0x03a90000, 0x05a50000, 0x05a50000)
  from space 4032K,  67% used [0x05a50000, 0x05cfa810, 0x05e40000)
  to   space 4032K,   0% used [0x05e40000, 0x05e40000, 0x06230000)
 tenured generation   total 81084K, used 58319K [0x08fe0000, 0x0df0f000, 0x13a90000)
   the space 81084K,  71% used [0x08fe0000, 0x0c8d3c28, 0x0c8d3e00, 0x0df0f000)
 compacting perm gen  total 12288K, used 2392K [0x13a90000, 0x14690000, 0x17a90000)
   the space 12288K,  19% used [0x13a90000, 0x13ce60c0, 0x13ce6200, 0x14690000)
No shared spaces configured.
Event: 1148.144 GC heap after
Heap after GC invocations=329409 (full 4799):
 def new generation   total 36544K, used 2732K [0x03a90000, 0x06230000, 0x08fe0000)
  eden space 32512K,   0% used [0x03a90000, 0x03a90000, 0x05a50000)
  from space 4032K,  67% used [0x05e40000, 0x060eb168, 0x06230000)
  to   space 4032K,   0% used [0x05a50000, 0x05a50000, 0x05e40000)
 tenured generation   total 81084K, used 59678K [0x08fe0000, 0x0df0f000, 0x13a90000)
   the space 81084K,  73% used [0x08fe0000, 0x0ca27b10, 0x0ca27c00, 0x0df0f000)
 compacting perm gen  total 12288K, used 2392K [0x13a90000, 0x14690000, 0x17a90000)
   the space 12288K,  19% used [0x13a90000, 0x13ce60c0, 0x13ce6200, 0x14690000)
No shared spaces configured.
}
Event: 1148.229 GC heap before
{Heap before GC invocations=329409 (full 4799):
 def new generation   total 36544K, used 35244K [0x03a90000, 0x06230000, 0x08fe0000)
  eden space 32512K, 100% used [0x03a90000, 0x05a50000, 0x05a50000)
  from space 4032K,  67% used [0x05e40000, 0x060eb168, 0x06230000)
  to   space 4032K,   0% used [0x05a50000, 0x05a50000, 0x05e40000)
 tenured generation   total 81084K, used 59678K [0x08fe0000, 0x0df0f000, 0x13a90000)
   the space 81084K,  73% used [0x08fe0000, 0x0ca27b10, 0x0ca27c00, 0x0df0f000)
 compacting perm gen  total 12288K, used 2392K [0x13a90000, 0x14690000, 0x17a90000)
   the space 12288K,  19% used [0x13a90000, 0x13ce60c0, 0x13ce6200, 0x14690000)
No shared spaces configured.
Event: 1148.235 GC heap after
Heap after GC invocations=329410 (full 4799):
 def new generation   total 36544K, used 2767K [0x03a90000, 0x06230000, 0x08fe0000)
  eden space 32512K,   0% used [0x03a90000, 0x03a90000, 0x05a50000)
  from space 4032K,  68% used [0x05a50000, 0x05d03da0, 0x05e40000)
  to   space 4032K,   0% used [0x05e40000, 0x05e40000, 0x06230000)
 tenured generation   total 81084K, used 61031K [0x08fe0000, 0x0df0f000, 0x13a90000)
   the space 81084K,  75% used [0x08fe0000, 0x0cb79d68, 0x0cb79e00, 0x0df0f000)
 compacting perm gen  total 12288K, used 2392K [0x13a90000, 0x14690000, 0x17a90000)
   the space 12288K,  19% used [0x13a90000, 0x13ce60c0, 0x13ce6200, 0x14690000)
No shared spaces configured.
}
Event: 1148.330 GC heap before
{Heap before GC invocations=329410 (full 4799):
 def new generation   total 36544K, used 35279K [0x03a90000, 0x06230000, 0x08fe0000)
  eden space 32512K, 100% used [0x03a90000, 0x05a50000, 0x05a50000)
  from space 4032K,  68% used [0x05a50000, 0x05d03da0, 0x05e40000)
  to   space 4032K,   0% used [0x05e40000, 0x05e40000, 0x06230000)
 tenured generation   total 81084K, used 61031K [0x08fe0000, 0x0df0f000, 0x13a90000)
   the space 81084K,  75% used [0x08fe0000, 0x0cb79d68, 0x0cb79e00, 0x0df0f000)
 compacting perm gen  total 12288K, used 2392K [0x13a90000, 0x14690000, 0x17a90000)
   the space 12288K,  19% used [0x13a90000, 0x13ce60c0, 0x13ce6200, 0x14690000)
No shared spaces configured.
Event: 1148.336 GC heap after
Heap after GC invocations=329411 (full 4799):
 def new generation   total 36544K, used 2776K [0x03a90000, 0x06230000, 0x08fe0000)
  eden space 32512K,   0% used [0x03a90000, 0x03a90000, 0x05a50000)
  from space 4032K,  68% used [0x05e40000, 0x060f6360, 0x06230000)
  to   space 4032K,   0% used [0x05a50000, 0x05a50000, 0x05e40000)
 tenured generation   total 81084K, used 62387K [0x08fe0000, 0x0df0f000, 0x13a90000)
   the space 81084K,  76% used [0x08fe0000, 0x0ccccf28, 0x0cccd000, 0x0df0f000)
 compacting perm gen  total 12288K, used 2392K [0x13a90000, 0x14690000, 0x17a90000)
   the space 12288K,  19% used [0x13a90000, 0x13ce60c0, 0x13ce6200, 0x14690000)
No shared spaces configured.
}
Event: 1148.421 GC heap before
{Heap before GC invocations=329411 (full 4799):
 def new generation   total 36544K, used 35288K [0x03a90000, 0x06230000, 0x08fe0000)
  eden space 32512K, 100% used [0x03a90000, 0x05a50000, 0x05a50000)
  from space 4032K,  68% used [0x05e40000, 0x060f6360, 0x06230000)
  to   space 4032K,   0% used [0x05a50000, 0x05a50000, 0x05e40000)
 tenured generation   total 81084K, used 62387K [0x08fe0000, 0x0df0f000, 0x13a90000)
   the space 81084K,  76% used [0x08fe0000, 0x0ccccf28, 0x0cccd000, 0x0df0f000)
 compacting perm gen  total 12288K, used 2392K [0x13a90000, 0x14690000, 0x17a90000)
   the space 12288K,  19% used [0x13a90000, 0x13ce60c0, 0x13ce6200, 0x14690000)
No shared spaces configured.
Event: 1148.427 GC heap after
Heap after GC invocations=329412 (full 4799):
 def new generation   total 36544K, used 2738K [0x03a90000, 0x06230000, 0x08fe0000)
  eden space 32512K,   0% used [0x03a90000, 0x03a90000, 0x05a50000)
  from space 4032K,  67% used [0x05a50000, 0x05cfcb68, 0x05e40000)
  to   space 4032K,   0% used [0x05e40000, 0x05e40000, 0x06230000)
 tenured generation   total 81084K, used 63775K [0x08fe0000, 0x0df0f000, 0x13a90000)
   the space 81084K,  78% used [0x08fe0000, 0x0ce27df0, 0x0ce27e00, 0x0df0f000)
 compacting perm gen  total 12288K, used 2392K [0x13a90000, 0x14690000, 0x17a90000)
   the space 12288K,  19% used [0x13a90000, 0x13ce60c0, 0x13ce6200, 0x14690000)
No shared spaces configured.
}
Event: 1148.515 GC heap before
{Heap before GC invocations=329412 (full 4799):
 def new generation   total 36544K, used 35250K [0x03a90000, 0x06230000, 0x08fe0000)
  eden space 32512K, 100% used [0x03a90000, 0x05a50000, 0x05a50000)
  from space 4032K,  67% used [0x05a50000, 0x05cfcb68, 0x05e40000)
  to   space 4032K,   0% used [0x05e40000, 0x05e40000, 0x06230000)
 tenured generation   total 81084K, used 63775K [0x08fe0000, 0x0df0f000, 0x13a90000)
   the space 81084K,  78% used [0x08fe0000, 0x0ce27df0, 0x0ce27e00, 0x0df0f000)
 compacting perm gen  total 12288K, used 2392K [0x13a90000, 0x14690000, 0x17a90000)
   the space 12288K,  19% used [0x13a90000, 0x13ce60c0, 0x13ce6200, 0x14690000)
No shared spaces configured.
Event: 1148.521 GC heap after
Heap after GC invocations=329413 (full 4799):
 def new generation   total 36544K, used 2722K [0x03a90000, 0x06230000, 0x08fe0000)
  eden space 32512K,   0% used [0x03a90000, 0x03a90000, 0x05a50000)
  from space 4032K,  67% used [0x05e40000, 0x060e8aa8, 0x06230000)
  to   space 4032K,   0% used [0x05a50000, 0x05a50000, 0x05e40000)
 tenured generation   total 81084K, used 65136K [0x08fe0000, 0x0df0f000, 0x13a90000)
   the space 81084K,  80% used [0x08fe0000, 0x0cf7c2f8, 0x0cf7c400, 0x0df0f000)
 compacting perm gen  total 12288K, used 2392K [0x13a90000, 0x14690000, 0x17a90000)
   the space 12288K,  19% used [0x13a90000, 0x13ce60c0, 0x13ce6200, 0x14690000)
No shared spaces configured.
}

